<?xml version="1.0" encoding="UTF-8"?>
<!-- Generated by org.testng.reporters.JUnitReportReporter -->
<testsuite hostname="LAPTOP-1SSKLU7B" failures="0" tests="1" name="com.facebook.tests.RegistrationTest" time="4.296" errors="0" timestamp="2023-06-04T03:57:11 IST" skipped="0">
  <testcase classname="com.facebook.tests.RegistrationTest" name="Registration" time="4.296"/>
  <system-out/>
</testsuite> <!-- com.facebook.tests.RegistrationTest -->
