<?xml version="1.0" encoding="UTF-8"?>
<!-- Generated by org.testng.reporters.JUnitReportReporter -->
<testsuite hostname="LAPTOP-1SSKLU7B" failures="0" tests="1" name="com.facebook.tests.PageFactoryLoginTest" time="0.209" errors="0" timestamp="2023-06-03T18:18:16 IST" skipped="0">
  <testcase classname="com.facebook.tests.PageFactoryLoginTest" name="logintest" time="0.209"/>
  <system-out/>
</testsuite> <!-- com.facebook.tests.PageFactoryLoginTest -->
